Info: Starting: Create block symbol file (.bsf)
Info: qsys-generate C:\Users\team06\Desktop\RS232_test\quartus\rs232_qsys.qsys --block-symbol-file --output-directory=C:\Users\team06\Desktop\RS232_test\quartus\rs232_qsys --family="Cyclone IV E" --part=EP4CE115F29C7
Progress: Loading quartus/rs232_qsys.qsys
Progress: Reading input file
Progress: Adding altpll_0 [altpll 15.0]
Progress: Parameterizing module altpll_0
Progress: Adding clk_0 [clock_source 15.0]
Progress: Parameterizing module clk_0
Progress: Adding rs232_0 [rs232 1.0]
Progress: Parameterizing module rs232_0
Progress: Adding uart_0 [altera_avalon_uart 15.0]
Progress: Parameterizing module uart_0
Progress: Building connections
Progress: Parameterizing connections
Progress: Validating
Progress: Done reading input file
Warning: rs232_qsys.altpll_0: altpll_0.areset_conduit must be exported, or connected to a matching conduit.
Warning: rs232_qsys.altpll_0: altpll_0.locked_conduit must be exported, or connected to a matching conduit.
Warning: rs232_qsys.altpll_0: altpll_0.phasedone_conduit must be exported, or connected to a matching conduit.
Warning: rs232_qsys.uart_0: uart_0.external_connection must be exported, or connected to a matching conduit.
Warning: rs232_qsys.uart_0: Interrupt sender uart_0.irq is not connected to an interrupt receiver
Warning: rs232_qsys.altpll_0: altpll_0.pll_slave must be connected to an Avalon-MM master
Info: ip-generate succeeded.
Info: Finished: Create block symbol file (.bsf)
Info: 
Info: Starting: Create HDL design files for synthesis
Info: qsys-generate C:\Users\team06\Desktop\RS232_test\quartus\rs232_qsys.qsys --synthesis=VERILOG --output-directory=C:\Users\team06\Desktop\RS232_test\quartus\rs232_qsys\synthesis --family="Cyclone IV E" --part=EP4CE115F29C7
Progress: Loading quartus/rs232_qsys.qsys
Progress: Reading input file
Progress: Adding altpll_0 [altpll 15.0]
Progress: Parameterizing module altpll_0
Progress: Adding clk_0 [clock_source 15.0]
Progress: Parameterizing module clk_0
Progress: Adding rs232_0 [rs232 1.0]
Progress: Parameterizing module rs232_0
Progress: Adding uart_0 [altera_avalon_uart 15.0]
Progress: Parameterizing module uart_0
Progress: Building connections
Progress: Parameterizing connections
Progress: Validating
Progress: Done reading input file
Warning: rs232_qsys.altpll_0: altpll_0.areset_conduit must be exported, or connected to a matching conduit.
Warning: rs232_qsys.altpll_0: altpll_0.locked_conduit must be exported, or connected to a matching conduit.
Warning: rs232_qsys.altpll_0: altpll_0.phasedone_conduit must be exported, or connected to a matching conduit.
Warning: rs232_qsys.uart_0: uart_0.external_connection must be exported, or connected to a matching conduit.
Warning: rs232_qsys.uart_0: Interrupt sender uart_0.irq is not connected to an interrupt receiver
Warning: rs232_qsys.altpll_0: altpll_0.pll_slave must be connected to an Avalon-MM master
Info: rs232_qsys: Generating rs232_qsys "rs232_qsys" for QUARTUS_SYNTH
Info: Interconnect is inserted between master rs232_0.avalon_master_0 and slave uart_0.s1 because the master has address signal 5 bit wide, but the slave is 3 bit wide.
Info: Interconnect is inserted between master rs232_0.avalon_master_0 and slave uart_0.s1 because the master has readdata signal 32 bit wide, but the slave is 16 bit wide.
Info: Interconnect is inserted between master rs232_0.avalon_master_0 and slave uart_0.s1 because the master has writedata signal 32 bit wide, but the slave is 16 bit wide.
Info: Interconnect is inserted between master rs232_0.avalon_master_0 and slave uart_0.s1 because the master has waitrequest signal 1 bit wide, but the slave is 0 bit wide.
Warning: rs232_qsys: "No matching role found for uart_0:s1:dataavailable (dataavailable)"
Warning: rs232_qsys: "No matching role found for uart_0:s1:readyfordata (readyfordata)"
Info: altpll_0: "rs232_qsys" instantiated altpll "altpll_0"
Info: rs232_0: "rs232_qsys" instantiated rs232 "rs232_0"
Info: uart_0: Starting RTL generation for module 'rs232_qsys_uart_0'
Info: uart_0:   Generation command is [exec C:/altera/15.0/quartus/bin64/perl/bin/perl.exe -I C:/altera/15.0/quartus/bin64/perl/lib -I C:/altera/15.0/quartus/sopc_builder/bin/europa -I C:/altera/15.0/quartus/sopc_builder/bin/perl_lib -I C:/altera/15.0/quartus/sopc_builder/bin -I C:/altera/15.0/quartus/../ip/altera/sopc_builder_ip/common -I C:/altera/15.0/quartus/../ip/altera/sopc_builder_ip/altera_avalon_uart -- C:/altera/15.0/quartus/../ip/altera/sopc_builder_ip/altera_avalon_uart/generate_rtl.pl --name=rs232_qsys_uart_0 --dir=C:/Users/team06/AppData/Local/Temp/alt8612_4064464255055680180.dir/0006_uart_0_gen/ --quartus_dir=C:/altera/15.0/quartus --verilog --config=C:/Users/team06/AppData/Local/Temp/alt8612_4064464255055680180.dir/0006_uart_0_gen//rs232_qsys_uart_0_component_configuration.pl  --do_build_sim=0  ]
Info: uart_0: Done RTL generation for module 'rs232_qsys_uart_0'
Info: uart_0: "rs232_qsys" instantiated altera_avalon_uart "uart_0"
Info: mm_interconnect_0: "rs232_qsys" instantiated altera_mm_interconnect "mm_interconnect_0"
Info: rst_controller: "rs232_qsys" instantiated altera_reset_controller "rst_controller"
Info: rs232_0_avalon_master_0_translator: "mm_interconnect_0" instantiated altera_merlin_master_translator "rs232_0_avalon_master_0_translator"
Info: uart_0_s1_translator: "mm_interconnect_0" instantiated altera_merlin_slave_translator "uart_0_s1_translator"
Info: rs232_qsys: Done "rs232_qsys" with 8 modules, 10 files
Info: ip-generate succeeded.
Info: Finished: Create HDL design files for synthesis
